#-----------------------------------------------------------
# Vivado v2020.2 (64-bit)
# SW Build 3064766 on Wed Nov 18 09:12:45 MST 2020
# IP Build 3064653 on Wed Nov 18 14:17:31 MST 2020
# Start of session at: Tue May  4 23:38:57 2021
# Process ID: 88236
# Current directory: C:/Users/Bob/Desktop/de1_projekt/de1_projekt/project
# Command line: vivado.exe -gui_launcher_event rodinguilauncherevent100792 C:\Users\Bob\Desktop\de1_projekt\de1_projekt\project\project.xpr
# Log file: C:/Users/Bob/Desktop/de1_projekt/de1_projekt/project/vivado.log
# Journal file: C:/Users/Bob/Desktop/de1_projekt/de1_projekt/project\vivado.jou
#-----------------------------------------------------------start_gui
oopen_project C:/Users/Bob/Desktop/de1_projekt/de1_projekt/project/project.xprIINFO: [Project 1-313] Project file moved from 'D:/malygit/Digital-electronics-1/Labs/de1_projekt/project' since lastexit
INFO: [Common 17-206] Exiting Vivado at Tue May  4 23:41:47 2021...
he directory 'C:/Users/Bob/Desktop/de1_projekt/de1_projekt/project/project.gen/sources_1', nor could it be found using path 'D:/malygit/Digital-electronics-1/Labs/de1_projekt/project/project.gen/sources_1'.
Scanning sources...
Finished scanning sources
CRITICAL WARNING: [Board 49-67] The board_part definition was not found for digilentinc.com:arty-a7-35:part0:1.0. This can happen sometimes when you use custom board part. You can resolve this issue by setting 'board.repoPaths' parameter, pointing to the location of custom board files. Valid board_part values can be retrieved with the 'get_board_parts' Tcl command.
INFO: [IP_Flow 19-234] Refreshing IP repositories
INFO: [IP_Flow 19-1704] No user IP repositories specifiedIINFO: [IP_Flow 19-2313] Loaded Vivado IP repository 'D:/Vivado/2020.2/data/ip'.
open_project: Time (s): cpu = 00:00:39 ; elapsed = 00:00:43 . Memory (MB): peak = 1192.598 ; gain = 0.000
update_compile_order -fileset sources_1
reset_simulation
INFO: [Vivado 12-2266] Removing simulation data...
WARNING: [Vivado 12-3661] Failed to remove file:C:/Users/Bob/Desktop/de1_projekt/de1_projekt/project/project.sim/sim_1/behav/xsim/xsim.dir/tb_LED_bargraph_behav/Compile_Options.txt
WARNING: [Vivado 12-3661] Failed to remove file:C:/Users/Bob/Desktop/de1_projekt/de1_projekt/project/project.sim/sim_1/behav/xsim/xsim.dir/tb_LED_bargraph_behav/TempBreakPointFile.txt
WARNING: [Vivado 12-4421] Failed to remove directory:C:/Users/Bob/Desktop/de1_projekt/de1_projekt/project/project.sim/sim_1/behav/xsim/xsim.dir/tb_LED_bargraph_behav
WARNING: [Vivado 12-3661] Failed to remove file:C:/Users/Bob/Desktop/de1_projekt/de1_projekt/project/project.sim/sim_1/behav/xsim/xsim.dir/tb_pwm_behav/Compile_Options.txt
WARNING: [Vivado 12-3661] Failed to remove file:C:/Users/Bob/Desktop/de1_projekt/de1_projekt/project/project.sim/sim_1/behav/xsim/xsim.dir/tb_pwm_behav/TempBreakPointFile.txt
WARNING: [Vivado 12-4421] Failed to remove directory:C:/Users/Bob/Desktop/de1_projekt/de1_projekt/project/project.sim/sim_1/behav/xsim/xsim.dir/tb_pwm_behav
WARNING: [Vivado 12-3661] Failed to remove file:C:/Users/Bob/Desktop/de1_projekt/de1_projekt/project/project.sim/sim_1/behav/xsim/xsim.dir/tb_state_machine_behav/Compile_Options.txt
WARNING: [Vivado 12-3661] Failed to remove file:C:/Users/Bob/Desktop/de1_projekt/de1_projekt/project/project.sim/sim_1/behav/xsim/xsim.dir/tb_state_machine_behav/TempBreakPointFile.txt
WARNING: [Vivado 12-4421] Failed to remove directory:C:/Users/Bob/Desktop/de1_projekt/de1_projekt/project/project.sim/sim_1/behav/xsim/xsim.dir/tb_state_machine_behav
WARNING: [Vivado 12-3661] Failed to remove file:C:/Users/Bob/Desktop/de1_projekt/de1_projekt/project/project.sim/sim_1/behav/xsim/xsim.dir/tb_top_behav/Compile_Options.txt
WARNING: [Vivado 12-3661] Failed to remove file:C:/Users/Bob/Desktop/de1_projekt/de1_projekt/project/project.sim/sim_1/behav/xsim/xsim.dir/tb_top_behav/TempBreakPointFile.txt
WARNING: [Vivado 12-4421] Failed to remove directory:C:/Users/Bob/Desktop/de1_projekt/de1_projekt/project/project.sim/sim_1/behav/xsim/xsim.dir/tb_top_behav
WARNING: [Vivado 12-4421] Failed to remove directory:C:/Users/Bob/Desktop/de1_projekt/de1_projekt/project/project.sim/sim_1/behav/xsim/xsim.dir
INFO: [Vivado 12-2267] Reset complete
exit
INFO: [Common 17-206] Exiting Vivado at Tue May  4 23:45:09 2021...
